
[2022-02-01T14:08:27.849] [ERROR] error - Response error Unauthorized access
[2022-02-01T14:08:27.931] [ERROR] error - Response error Ruta localhost:8080/favicon.ico Metodo GET  not found
[2022-02-01T14:08:45.307] [ERROR] error - Response error Unauthorized access
[2022-02-01T14:09:26.233] [ERROR] error - Response error Unauthorized access
[2022-02-01T14:09:27.424] [ERROR] error - Response error Unauthorized access
[2022-02-01T14:10:01.284] [ERROR] error - Response error Cannot read property 'email' of undefined
[2022-02-01T14:11:06.105] [ERROR] error - Response error Cannot read property 'email' of undefined
[2022-02-01T14:11:08.181] [ERROR] error - Response error Cannot read property 'email' of undefined
[2022-02-01T14:11:53.923] [ERROR] error - Response error Cannot read property 'email' of undefined
[2022-02-01T14:11:55.218] [ERROR] error - Response error Cannot read property 'email' of undefined
[2022-02-01T14:12:11.382] [ERROR] error - Response error Cannot read property 'email' of undefined
[2022-02-01T14:12:12.307] [ERROR] error - Response error Cannot read property 'email' of undefined
[2022-02-01T14:12:25.534] [ERROR] error - Response error Cannot read property 'email' of undefined
[2022-02-01T14:12:26.401] [ERROR] error - Response error Cannot read property 'email' of undefined
[2022-02-01T14:13:03.097] [ERROR] error - Response error Cannot read property 'email' of undefined
[2022-02-01T14:14:06.087] [ERROR] error - Response error "typeUser" is required
[2022-02-01T14:14:22.605] [ERROR] error - Response error "typeUser" is required
[2022-02-01T14:15:24.998] [ERROR] error - Response error Cannot read property 'email' of undefined
[2022-02-01T14:15:55.846] [ERROR] error - Response error Cannot read property 'email' of undefined
[2022-02-01T15:24:21.017] [ERROR] error - Response error Cannot read property 'email' of undefined
[2022-02-01T15:27:17.920] [ERROR] error - Response error Error searching for a user's messages
[2022-02-01T15:27:51.677] [ERROR] error - Response error Messages not found
[2022-02-01T15:28:05.432] [ERROR] error - Response error Messages not found
[2022-02-01T15:28:49.428] [ERROR] error - Response error Unauthorized access
[2022-02-01T15:28:57.656] [ERROR] error - Response error Unauthorized access
[2022-02-01T15:29:04.289] [ERROR] error - Response error Unauthorized access
[2022-02-01T15:29:08.168] [ERROR] error - Response error Unauthorized access
[2022-02-01T15:29:08.697] [ERROR] error - Response error Unauthorized access
[2022-02-01T15:29:10.629] [ERROR] error - Response error Unauthorized access
[2022-02-01T15:29:10.672] [ERROR] error - Response error Ruta localhost:8080/favicon.ico Metodo GET  not found
[2022-02-01T15:29:14.089] [ERROR] error - Response error Unauthorized access
[2022-02-01T15:29:58.971] [ERROR] error - Response error Cannot read property 'email' of undefined
[2022-02-01T15:30:00.216] [ERROR] error - Response error Cannot read property 'email' of undefined
[2022-02-01T15:30:01.158] [ERROR] error - Response error Cannot read property 'email' of undefined
[2022-02-01T15:30:01.694] [ERROR] error - Response error Cannot read property 'email' of undefined
[2022-02-01T15:30:02.263] [ERROR] error - Response error Cannot read property 'email' of undefined
[2022-02-01T15:30:02.446] [ERROR] error - Response error Cannot read property 'email' of undefined
[2022-02-01T15:30:02.630] [ERROR] error - Response error Cannot read property 'email' of undefined
[2022-02-01T15:30:02.822] [ERROR] error - Response error Cannot read property 'email' of undefined
[2022-02-01T15:30:03.006] [ERROR] error - Response error Cannot read property 'email' of undefined
[2022-02-01T15:30:03.174] [ERROR] error - Response error Cannot read property 'email' of undefined
[2022-02-01T15:30:09.101] [ERROR] error - Response error Cannot read property 'email' of undefined
[2022-02-01T15:30:52.494] [ERROR] error - Response error Messages not found
[2022-02-01T15:49:59.948] [ERROR] error - Response error Unauthorized access
[2022-02-01T15:50:16.603] [ERROR] error - Response error Unauthorized access
[2022-02-01T16:05:28.366] [ERROR] error - Response error Ruta localhost:8080/bootstrap/bootstrap.min.css.map Metodo GET  not found
[2022-02-01T16:06:11.078] [ERROR] error - Response error Ruta localhost:8080/bootstrap/bootstrap.min.css.map Metodo GET  not found
[2022-02-01T16:14:55.247] [ERROR] error - Response error Ruta localhost:8080/bootstrap/bootstrap.min.css.map Metodo GET  not found
[2022-02-01T16:15:23.230] [ERROR] error - Response error Ruta localhost:8080/bootstrap/bootstrap.min.css.map Metodo GET  not found
[2022-02-01T16:25:38.200] [ERROR] error - Response error Ruta localhost:8080/bootstrap/bootstrap.min.css.map Metodo GET  not found
[2022-02-01T16:25:45.391] [ERROR] error - Response error Ruta localhost:8080/bootstrap/bootstrap.min.css.map Metodo GET  not found
[2022-02-01T16:28:24.562] [ERROR] error - Response error Ruta localhost:8080/bootstrap/bootstrap.min.css.map Metodo GET  not found
[2022-02-01T16:29:39.744] [ERROR] error - Response error Ruta localhost:8080/bootstrap/bootstrap.min.css.map Metodo GET  not found
[2022-02-01T16:32:16.641] [ERROR] error - Response error Ruta localhost:8080/bootstrap/bootstrap.min.css.map Metodo GET  not found
[2022-02-01T16:50:49.972] [ERROR] error - Response error Ruta localhost:8080/bootstrap/bootstrap.min.css.map Metodo GET  not found
[2022-02-01T16:50:53.622] [ERROR] error - Response error Ruta localhost:8080/bootstrap/bootstrap.min.css.map Metodo GET  not found
[2022-02-01T17:14:40.259] [ERROR] error - Response error Ruta localhost:8080/bootstrap/bootstrap.min.css.map Metodo GET  not found
[2022-02-01T17:36:37.682] [ERROR] error - Response error Ruta localhost:8080/bootstrap/bootstrap.min.css.map Metodo GET  not found
[2022-02-01T17:41:38.232] [ERROR] error - Response error Ruta localhost:8080/bootstrap/bootstrap.min.css.map Metodo GET  not found
[2022-02-02T09:32:06.273] [ERROR] error - Response error Email or username is not available
[2022-02-02T09:32:30.854] [ERROR] error - Response error Email or username is not available
[2022-02-02T09:33:07.890] [ERROR] error - Response error Ruta localhost:8080/products/lis Metodo GET  not found
[2022-02-02T09:33:23.176] [ERROR] error - Response error "_id" with value "61e5de9a71030ab518214f" fails to match the valid mongo id pattern
[2022-02-02T09:33:30.674] [ERROR] error - Response error Product not found
[2022-02-02T09:33:38.719] [ERROR] error - Response error "_category" is not allowed
[2022-02-02T09:33:46.380] [ERROR] error - Response error "_category" is not allowed
[2022-02-02T09:33:58.891] [ERROR] error - Response error "_category" is not allowed
[2022-02-02T09:34:04.650] [ERROR] error - Response error "_category" is not allowed
[2022-02-02T09:35:15.421] [ERROR] error - Response error "_category" is not allowed
[2022-02-02T09:36:24.249] [ERROR] error - Response error "_category" must be one of [frutas, verduras]
[2022-02-02T09:36:54.226] [ERROR] error - Response error "category" is required
[2022-02-02T09:39:45.495] [ERROR] error - Response error "_id" with value "61fa7b83b9347807c52616" fails to match the valid mongo id pattern
[2022-02-02T09:39:49.067] [ERROR] error - Response error Product not found
[2022-02-02T09:40:59.139] [ERROR] error - Response error Product Not Found
[2022-02-02T09:41:14.350] [ERROR] error - Response error Product Not Found
[2022-02-02T09:41:48.208] [ERROR] error - Response error "id_product" with value "61e5dff671030ab518214f" fails to match the valid mongo id pattern
[2022-02-02T09:41:55.191] [ERROR] error - Response error "id_product" with value "61e5dff671030ab518214f8j" fails to match the valid mongo id pattern
[2022-02-02T09:44:07.444] [ERROR] error - Response error Product Not Found
[2022-02-02T09:44:25.859] [ERROR] error - Response error Product Not Found
[2022-02-02T09:45:03.275] [ERROR] error - Response error Error searching for a product by its id in a shopping cart
[2022-02-02T09:46:07.342] [ERROR] error - Response error Product Not Found
[2022-02-02T09:46:43.451] [ERROR] error - Response error Product Not Found
[2022-02-02T09:48:04.583] [ERROR] error - Response error Error searching for a product by its id in a shopping cart
[2022-02-02T09:50:54.571] [ERROR] error - Response error Orders not found
[2022-02-02T09:50:58.660] [ERROR] error - Response error Order Not Found
[2022-02-02T09:51:03.323] [ERROR] error - Response error Error generating the order
[2022-02-02T09:51:35.404] [ERROR] error - Response error Error generating the order
[2022-02-02T09:53:01.782] [ERROR] error - Response error Error generating the order
[2022-02-02T09:53:41.935] [ERROR] error - Response error Error generating the order
[2022-02-02T09:54:48.338] [ERROR] error - Response error Error generating the order
[2022-02-02T09:55:33.951] [ERROR] error - Response error Error generating the order
[2022-02-02T09:55:55.813] [ERROR] error - Response error Error generating the order
[2022-02-02T09:56:20.644] [ERROR] error - Response error Error generating the order
[2022-02-02T10:01:14.651] [ERROR] error - Response error Error generating the order
[2022-02-02T10:01:25.549] [ERROR] error - Response error Error generating the order
[2022-02-02T10:01:42.015] [ERROR] error - Response error Error generating the order
[2022-02-02T10:02:25.974] [ERROR] error - Response error Error generating the order
[2022-02-02T10:02:37.424] [ERROR] error - Response error Error generating the order
[2022-02-02T10:02:50.381] [ERROR] error - Response error Error generating the order
[2022-02-02T10:04:20.680] [ERROR] error - Response error Error generating the order
[2022-02-02T10:05:21.250] [ERROR] error - Response error E11000 duplicate key error collection: TPFinal.orders index: email_1 dup key: { email: "admin4@example.com" }
[2022-02-02T10:06:06.107] [ERROR] error - Response error Cart Not Found
[2022-02-02T10:06:25.023] [ERROR] error - Response error E11000 duplicate key error collection: TPFinal.orders index: email_1 dup key: { email: "admin4@example.com" }
[2022-02-02T10:07:49.257] [ERROR] error - Response error Cart Not Found
[2022-02-02T10:08:18.080] [ERROR] error - Response error Cart Not Found
[2022-02-02T10:08:47.527] [ERROR] error - Response error Error generating the order
[2022-02-02T10:09:30.052] [ERROR] error - Response error Ruta localhost:8080/favicon.ico Metodo GET  not found
